;  LST file generated by mikroListExporter - v.2.0 
; Date/Time: 13/01/2023 10:24:48
;----------------------------------------------

;Address Opcode 	ASM
0x0000	0x29EC      	GOTO       492
_interrupt:
0x0004	0x00CF      	MOVWF      R15
0x0005	0x0E03      	SWAPF      STATUS, 0
0x0006	0x0183      	CLRF       STATUS
0x0007	0x0096      	MOVWF      ___saveSTATUS
0x0008	0x080A      	MOVF       PCLATH, 0
0x0009	0x0097      	MOVWF      ___savePCLATH
0x000A	0x018A      	CLRF       PCLATH
0x000B	0x0840      	MOVF       R0, 0
0x000C	0x008C      	MOVWF      12
;finale_VF.c,121 :: 		void interrupt(){
;finale_VF.c,122 :: 		if(INTCON.TMR0IF == 1){
0x000D	0x1D0B      	BTFSS      INTCON, 2
0x000E	0x281D      	GOTO       L_interrupt47
;finale_VF.c,123 :: 		t++;   Cg++;
0x000F	0x0A93      	INCF       _t, 1
0x0010	0x0A95      	INCF       _Cg, 1
;finale_VF.c,124 :: 		if(t==61){secondes++;  t=0;Cg=0;}
0x0011	0x0813      	MOVF       _t, 0
0x0012	0x3A3D      	XORLW      61
0x0013	0x1D03      	BTFSS      STATUS, 2
0x0014	0x2818      	GOTO       L_interrupt48
0x0015	0x0A8D      	INCF       _secondes, 1
0x0016	0x0193      	CLRF       _t
0x0017	0x0195      	CLRF       _Cg
L_interrupt48:
;finale_VF.c,125 :: 		if(Cg==60){ Cg=0;}
0x0018	0x0815      	MOVF       _Cg, 0
0x0019	0x3A3C      	XORLW      60
0x001A	0x1D03      	BTFSS      STATUS, 2
0x001B	0x281D      	GOTO       L_interrupt49
0x001C	0x0195      	CLRF       _Cg
L_interrupt49:
;finale_VF.c,126 :: 		}
L_interrupt47:
;finale_VF.c,127 :: 		INTCON.TMR0IF = 0;
0x001D	0x110B      	BCF        INTCON, 2
;finale_VF.c,135 :: 		}
L_end_interrupt:
L__interrupt64:
0x001E	0x080C      	MOVF       12, 0
0x001F	0x00C0      	MOVWF      R0
0x0020	0x0817      	MOVF       ___savePCLATH, 0
0x0021	0x008A      	MOVWF      PCLATH
0x0022	0x0E16      	SWAPF      ___saveSTATUS, 0
0x0023	0x0083      	MOVWF      STATUS
0x0024	0x0ECF      	SWAPF      R15, 1
0x0025	0x0E4F      	SWAPF      R15, 0
0x0026	0x0009      	RETFIE
; end of _interrupt
_Div_8X8_U:
;__Lib_Math.c,189 :: 		
;__Lib_Math.c,196 :: 		
0x0027	0x1283      	BCF        STATUS, 5
;__Lib_Math.c,197 :: 		
0x0028	0x1303      	BCF        STATUS, 6
;__Lib_Math.c,198 :: 		
0x0029	0x01C8      	CLRF       R8
;__Lib_Math.c,199 :: 		
0x002A	0x3008      	MOVLW      8
;__Lib_Math.c,200 :: 		
0x002B	0x00CC      	MOVWF      R12
;__Lib_Math.c,201 :: 		
0x002C	0x0D40      	RLF        R0, 0
;__Lib_Math.c,202 :: 		
0x002D	0x0DC8      	RLF        R8, 1
;__Lib_Math.c,203 :: 		
0x002E	0x0844      	MOVF       R4, 0
;__Lib_Math.c,204 :: 		
0x002F	0x02C8      	SUBWF      R8, 1
;__Lib_Math.c,205 :: 		
0x0030	0x1803      	BTFSC      STATUS, 0
;__Lib_Math.c,206 :: 		
0x0031	0x2834      	GOTO       $+3
;__Lib_Math.c,207 :: 		
0x0032	0x07C8      	ADDWF      R8, 1
;__Lib_Math.c,208 :: 		
0x0033	0x1003      	BCF        STATUS, 0
;__Lib_Math.c,209 :: 		
0x0034	0x0DC0      	RLF        R0, 1
;__Lib_Math.c,210 :: 		
0x0035	0x0BCC      	DECFSZ     R12, 1
;__Lib_Math.c,211 :: 		
0x0036	0x282C      	GOTO       $-10
;__Lib_Math.c,213 :: 		
L_end_Div_8X8_U:
0x0037	0x0008      	RETURN
; end of _Div_8X8_U
_blink_parameter:
;finale_VF.c,5 :: 		void blink_parameter() {
;finale_VF.c,6 :: 		unsigned char j = 0;
0x0038	0x1283      	BCF        STATUS, 5
0x0039	0x019A      	CLRF       blink_parameter_j_L0
;finale_VF.c,7 :: 		while(j < 30) {
L_blink_parameter0:
0x003A	0x301E      	MOVLW      30
0x003B	0x021A      	SUBWF      blink_parameter_j_L0, 0
0x003C	0x1803      	BTFSC      STATUS, 0
0x003D	0x2848      	GOTO       L_blink_parameter1
;finale_VF.c,8 :: 		j++;
0x003E	0x0A9A      	INCF       blink_parameter_j_L0, 1
;finale_VF.c,9 :: 		delay_ms(30);
0x003F	0x3027      	MOVLW      39
0x0040	0x00CC      	MOVWF      R12
0x0041	0x30F5      	MOVLW      245
0x0042	0x00CD      	MOVWF      R13
L_blink_parameter2:
0x0043	0x0BCD      	DECFSZ     R13, 1
0x0044	0x2843      	GOTO       L_blink_parameter2
0x0045	0x0BCC      	DECFSZ     R12, 1
0x0046	0x2843      	GOTO       L_blink_parameter2
;finale_VF.c,10 :: 		}
0x0047	0x283A      	GOTO       L_blink_parameter0
L_blink_parameter1:
;finale_VF.c,11 :: 		}
L_end_blink_parameter:
0x0048	0x0008      	RETURN
; end of _blink_parameter
_display_7seg_2Digit_G:
;finale_VF.c,30 :: 		void display_7seg_2Digit_G(unsigned char x){
;finale_VF.c,32 :: 		d = x/10;
0x0049	0x300A      	MOVLW      10
0x004A	0x1283      	BCF        STATUS, 5
0x004B	0x00C4      	MOVWF      R4
0x004C	0x081A      	MOVF       FARG_display_7seg_2Digit_G_x, 0
0x004D	0x00C0      	MOVWF      R0
0x004E	0x2027      	CALL       _Div_8X8_U
0x004F	0x0840      	MOVF       R0, 0
0x0050	0x009B      	MOVWF      display_7seg_2Digit_G_d_L0
;finale_VF.c,33 :: 		u = x%10;
0x0051	0x300A      	MOVLW      10
0x0052	0x00C4      	MOVWF      R4
0x0053	0x081A      	MOVF       FARG_display_7seg_2Digit_G_x, 0
0x0054	0x00C0      	MOVWF      R0
0x0055	0x2027      	CALL       _Div_8X8_U
0x0056	0x0848      	MOVF       R8, 0
0x0057	0x00C0      	MOVWF      R0
;finale_VF.c,34 :: 		PORTA = 0x02;
0x0058	0x3002      	MOVLW      2
0x0059	0x0085      	MOVWF      PORTA
;finale_VF.c,35 :: 		PORTB = u;
0x005A	0x0840      	MOVF       R0, 0
0x005B	0x0086      	MOVWF      PORTB
;finale_VF.c,36 :: 		delay_ms(1);
0x005C	0x3002      	MOVLW      2
0x005D	0x00CC      	MOVWF      R12
0x005E	0x304B      	MOVLW      75
0x005F	0x00CD      	MOVWF      R13
L_display_7seg_2Digit_G5:
0x0060	0x0BCD      	DECFSZ     R13, 1
0x0061	0x2860      	GOTO       L_display_7seg_2Digit_G5
0x0062	0x0BCC      	DECFSZ     R12, 1
0x0063	0x2860      	GOTO       L_display_7seg_2Digit_G5
;finale_VF.c,37 :: 		PORTA = 0x01;
0x0064	0x3001      	MOVLW      1
0x0065	0x0085      	MOVWF      PORTA
;finale_VF.c,38 :: 		PORTB = d;
0x0066	0x081B      	MOVF       display_7seg_2Digit_G_d_L0, 0
0x0067	0x0086      	MOVWF      PORTB
;finale_VF.c,39 :: 		delay_ms(1);
0x0068	0x3002      	MOVLW      2
0x0069	0x00CC      	MOVWF      R12
0x006A	0x304B      	MOVLW      75
0x006B	0x00CD      	MOVWF      R13
L_display_7seg_2Digit_G6:
0x006C	0x0BCD      	DECFSZ     R13, 1
0x006D	0x286C      	GOTO       L_display_7seg_2Digit_G6
0x006E	0x0BCC      	DECFSZ     R12, 1
0x006F	0x286C      	GOTO       L_display_7seg_2Digit_G6
;finale_VF.c,40 :: 		}
L_end_display_7seg_2Digit_G:
0x0070	0x0008      	RETURN
; end of _display_7seg_2Digit_G
_display_7seg_2Digit_D:
;finale_VF.c,18 :: 		void display_7seg_2Digit_D(unsigned char x){
;finale_VF.c,20 :: 		d = x/10;
0x0071	0x300A      	MOVLW      10
0x0072	0x1283      	BCF        STATUS, 5
0x0073	0x00C4      	MOVWF      R4
0x0074	0x081A      	MOVF       FARG_display_7seg_2Digit_D_x, 0
0x0075	0x00C0      	MOVWF      R0
0x0076	0x2027      	CALL       _Div_8X8_U
0x0077	0x0840      	MOVF       R0, 0
0x0078	0x009B      	MOVWF      display_7seg_2Digit_D_d_L0
;finale_VF.c,21 :: 		u = x%10;
0x0079	0x300A      	MOVLW      10
0x007A	0x00C4      	MOVWF      R4
0x007B	0x081A      	MOVF       FARG_display_7seg_2Digit_D_x, 0
0x007C	0x00C0      	MOVWF      R0
0x007D	0x2027      	CALL       _Div_8X8_U
0x007E	0x0848      	MOVF       R8, 0
0x007F	0x00C0      	MOVWF      R0
;finale_VF.c,22 :: 		PORTA = 0x08;
0x0080	0x3008      	MOVLW      8
0x0081	0x0085      	MOVWF      PORTA
;finale_VF.c,23 :: 		PORTB = u;
0x0082	0x0840      	MOVF       R0, 0
0x0083	0x0086      	MOVWF      PORTB
;finale_VF.c,24 :: 		delay_ms(1);
0x0084	0x3002      	MOVLW      2
0x0085	0x00CC      	MOVWF      R12
0x0086	0x304B      	MOVLW      75
0x0087	0x00CD      	MOVWF      R13
L_display_7seg_2Digit_D3:
0x0088	0x0BCD      	DECFSZ     R13, 1
0x0089	0x2888      	GOTO       L_display_7seg_2Digit_D3
0x008A	0x0BCC      	DECFSZ     R12, 1
0x008B	0x2888      	GOTO       L_display_7seg_2Digit_D3
;finale_VF.c,25 :: 		PORTA = 0x04;
0x008C	0x3004      	MOVLW      4
0x008D	0x0085      	MOVWF      PORTA
;finale_VF.c,26 :: 		PORTB = d;
0x008E	0x081B      	MOVF       display_7seg_2Digit_D_d_L0, 0
0x008F	0x0086      	MOVWF      PORTB
;finale_VF.c,27 :: 		delay_ms(1);
0x0090	0x3002      	MOVLW      2
0x0091	0x00CC      	MOVWF      R12
0x0092	0x304B      	MOVLW      75
0x0093	0x00CD      	MOVWF      R13
L_display_7seg_2Digit_D4:
0x0094	0x0BCD      	DECFSZ     R13, 1
0x0095	0x2894      	GOTO       L_display_7seg_2Digit_D4
0x0096	0x0BCC      	DECFSZ     R12, 1
0x0097	0x2894      	GOTO       L_display_7seg_2Digit_D4
;finale_VF.c,28 :: 		}
L_end_display_7seg_2Digit_D:
0x0098	0x0008      	RETURN
; end of _display_7seg_2Digit_D
_____DoICP:
;__Lib_System.c,6 :: 		
;__Lib_System.c,9 :: 		
0x0099	0x1283      	BCF        STATUS, 5
0x009A	0x0810      	MOVF       ___DoICPAddr+1, 0
0x009B	0x008A      	MOVWF      PCLATH
;__Lib_System.c,10 :: 		
0x009C	0x080F      	MOVF       ___DoICPAddr, 0
0x009D	0x0082      	MOVWF      PCL
;__Lib_System.c,12 :: 		
L_end_____DoICP:
0x009E	0x0008      	RETURN
; end of _____DoICP
_chronometre:
;finale_VF.c,88 :: 		void chronometre(){
;finale_VF.c,89 :: 		delay_ms(250);
0x009F	0x3002      	MOVLW      2
0x00A0	0x1283      	BCF        STATUS, 5
0x00A1	0x00CB      	MOVWF      R11
0x00A2	0x3045      	MOVLW      69
0x00A3	0x00CC      	MOVWF      R12
0x00A4	0x30A9      	MOVLW      169
0x00A5	0x00CD      	MOVWF      R13
L_chronometre22:
0x00A6	0x0BCD      	DECFSZ     R13, 1
0x00A7	0x28A6      	GOTO       L_chronometre22
0x00A8	0x0BCC      	DECFSZ     R12, 1
0x00A9	0x28A6      	GOTO       L_chronometre22
0x00AA	0x0BCB      	DECFSZ     R11, 1
0x00AB	0x28A6      	GOTO       L_chronometre22
0x00AC	0x0000      	NOP
0x00AD	0x0000      	NOP
;finale_VF.c,90 :: 		Cg = 00;
0x00AE	0x0195      	CLRF       _Cg
;finale_VF.c,91 :: 		Cd = 00;
0x00AF	0x0194      	CLRF       _Cd
;finale_VF.c,92 :: 		k=0,l=0;
0x00B0	0x0191      	CLRF       _k
0x00B1	0x0192      	CLRF       _l
;finale_VF.c,93 :: 		while(PORTB.B7 == 1){
L_chronometre23:
0x00B2	0x1F86      	BTFSS      PORTB, 7
0x00B3	0x294F      	GOTO       L_chronometre24
;finale_VF.c,94 :: 		l=0;
0x00B4	0x0192      	CLRF       _l
;finale_VF.c,95 :: 		while(PORTB.B4 == 1 && k == 0){
L_chronometre25:
0x00B5	0x1E06      	BTFSS      PORTB, 4
0x00B6	0x28EA      	GOTO       L_chronometre26
0x00B7	0x0811      	MOVF       _k, 0
0x00B8	0x3A00      	XORLW      0
0x00B9	0x1D03      	BTFSS      STATUS, 2
0x00BA	0x28EA      	GOTO       L_chronometre26
L__chronometre55:
;finale_VF.c,96 :: 		display_7seg_2Digit_D(Cg);
0x00BB	0x0815      	MOVF       _Cg, 0
0x00BC	0x009A      	MOVWF      FARG_display_7seg_2Digit_D_x
0x00BD	0x2071      	CALL       _display_7seg_2Digit_D
;finale_VF.c,97 :: 		display_7seg_2Digit_G(Cd);
0x00BE	0x0814      	MOVF       _Cd, 0
0x00BF	0x009A      	MOVWF      FARG_display_7seg_2Digit_G_x
0x00C0	0x2049      	CALL       _display_7seg_2Digit_G
;finale_VF.c,98 :: 		if(PORTB.B7 == 0){delay_ms(250);k=1; break;}
0x00C1	0x1B86      	BTFSC      PORTB, 7
0x00C2	0x28D4      	GOTO       L_chronometre29
0x00C3	0x3002      	MOVLW      2
0x00C4	0x00CB      	MOVWF      R11
0x00C5	0x3045      	MOVLW      69
0x00C6	0x00CC      	MOVWF      R12
0x00C7	0x30A9      	MOVLW      169
0x00C8	0x00CD      	MOVWF      R13
L_chronometre30:
0x00C9	0x0BCD      	DECFSZ     R13, 1
0x00CA	0x28C9      	GOTO       L_chronometre30
0x00CB	0x0BCC      	DECFSZ     R12, 1
0x00CC	0x28C9      	GOTO       L_chronometre30
0x00CD	0x0BCB      	DECFSZ     R11, 1
0x00CE	0x28C9      	GOTO       L_chronometre30
0x00CF	0x0000      	NOP
0x00D0	0x0000      	NOP
0x00D1	0x3001      	MOVLW      1
0x00D2	0x0091      	MOVWF      _k
0x00D3	0x28EA      	GOTO       L_chronometre26
L_chronometre29:
;finale_VF.c,99 :: 		if(PORTB.B5 == 0){delay_ms(250); Cg = 00; Cd = 00; l=1; break;}
0x00D4	0x1A86      	BTFSC      PORTB, 5
0x00D5	0x28E9      	GOTO       L_chronometre31
0x00D6	0x3002      	MOVLW      2
0x00D7	0x00CB      	MOVWF      R11
0x00D8	0x3045      	MOVLW      69
0x00D9	0x00CC      	MOVWF      R12
0x00DA	0x30A9      	MOVLW      169
0x00DB	0x00CD      	MOVWF      R13
L_chronometre32:
0x00DC	0x0BCD      	DECFSZ     R13, 1
0x00DD	0x28DC      	GOTO       L_chronometre32
0x00DE	0x0BCC      	DECFSZ     R12, 1
0x00DF	0x28DC      	GOTO       L_chronometre32
0x00E0	0x0BCB      	DECFSZ     R11, 1
0x00E1	0x28DC      	GOTO       L_chronometre32
0x00E2	0x0000      	NOP
0x00E3	0x0000      	NOP
0x00E4	0x0195      	CLRF       _Cg
0x00E5	0x0194      	CLRF       _Cd
0x00E6	0x3001      	MOVLW      1
0x00E7	0x0092      	MOVWF      _l
0x00E8	0x28EA      	GOTO       L_chronometre26
L_chronometre31:
;finale_VF.c,100 :: 		}
0x00E9	0x28B5      	GOTO       L_chronometre25
L_chronometre26:
;finale_VF.c,101 :: 		delay_ms(250);
0x00EA	0x3002      	MOVLW      2
0x00EB	0x00CB      	MOVWF      R11
0x00EC	0x3045      	MOVLW      69
0x00ED	0x00CC      	MOVWF      R12
0x00EE	0x30A9      	MOVLW      169
0x00EF	0x00CD      	MOVWF      R13
L_chronometre33:
0x00F0	0x0BCD      	DECFSZ     R13, 1
0x00F1	0x28F0      	GOTO       L_chronometre33
0x00F2	0x0BCC      	DECFSZ     R12, 1
0x00F3	0x28F0      	GOTO       L_chronometre33
0x00F4	0x0BCB      	DECFSZ     R11, 1
0x00F5	0x28F0      	GOTO       L_chronometre33
0x00F6	0x0000      	NOP
0x00F7	0x0000      	NOP
;finale_VF.c,102 :: 		while(PORTB.B4 == 1 && k == 0 && l == 0 ){
L_chronometre34:
0x00F8	0x1E06      	BTFSS      PORTB, 4
0x00F9	0x293B      	GOTO       L_chronometre35
0x00FA	0x0811      	MOVF       _k, 0
0x00FB	0x3A00      	XORLW      0
0x00FC	0x1D03      	BTFSS      STATUS, 2
0x00FD	0x293B      	GOTO       L_chronometre35
0x00FE	0x0812      	MOVF       _l, 0
0x00FF	0x3A00      	XORLW      0
0x0100	0x1D03      	BTFSS      STATUS, 2
0x0101	0x293B      	GOTO       L_chronometre35
L__chronometre54:
;finale_VF.c,103 :: 		display_7seg_2Digit_D(Cg);
0x0102	0x0815      	MOVF       _Cg, 0
0x0103	0x009A      	MOVWF      FARG_display_7seg_2Digit_D_x
0x0104	0x2071      	CALL       _display_7seg_2Digit_D
;finale_VF.c,104 :: 		display_7seg_2Digit_G(Cd);
0x0105	0x0814      	MOVF       _Cd, 0
0x0106	0x009A      	MOVWF      FARG_display_7seg_2Digit_G_x
0x0107	0x2049      	CALL       _display_7seg_2Digit_G
;finale_VF.c,105 :: 		if(Cg>=60){
0x0108	0x303C      	MOVLW      60
0x0109	0x0215      	SUBWF      _Cg, 0
0x010A	0x1C03      	BTFSS      STATUS, 0
0x010B	0x290E      	GOTO       L_chronometre38
;finale_VF.c,106 :: 		Cd++;
0x010C	0x0A94      	INCF       _Cd, 1
;finale_VF.c,107 :: 		Cg=0;
0x010D	0x0195      	CLRF       _Cg
;finale_VF.c,108 :: 		}
L_chronometre38:
;finale_VF.c,109 :: 		if(Cd>=60){
0x010E	0x303C      	MOVLW      60
0x010F	0x0214      	SUBWF      _Cd, 0
0x0110	0x1C03      	BTFSS      STATUS, 0
0x0111	0x2914      	GOTO       L_chronometre39
;finale_VF.c,110 :: 		Cd=0;
0x0112	0x0194      	CLRF       _Cd
;finale_VF.c,111 :: 		Cg=0;
0x0113	0x0195      	CLRF       _Cg
;finale_VF.c,112 :: 		}
L_chronometre39:
;finale_VF.c,113 :: 		if(PORTB.B7 == 0){delay_ms(250);k=1; break;}
0x0114	0x1B86      	BTFSC      PORTB, 7
0x0115	0x2927      	GOTO       L_chronometre40
0x0116	0x3002      	MOVLW      2
0x0117	0x00CB      	MOVWF      R11
0x0118	0x3045      	MOVLW      69
0x0119	0x00CC      	MOVWF      R12
0x011A	0x30A9      	MOVLW      169
0x011B	0x00CD      	MOVWF      R13
L_chronometre41:
0x011C	0x0BCD      	DECFSZ     R13, 1
0x011D	0x291C      	GOTO       L_chronometre41
0x011E	0x0BCC      	DECFSZ     R12, 1
0x011F	0x291C      	GOTO       L_chronometre41
0x0120	0x0BCB      	DECFSZ     R11, 1
0x0121	0x291C      	GOTO       L_chronometre41
0x0122	0x0000      	NOP
0x0123	0x0000      	NOP
0x0124	0x3001      	MOVLW      1
0x0125	0x0091      	MOVWF      _k
0x0126	0x293B      	GOTO       L_chronometre35
L_chronometre40:
;finale_VF.c,114 :: 		if(PORTB.B5 == 0){delay_ms(250); Cg = 00; Cd = 00; break;}
0x0127	0x1A86      	BTFSC      PORTB, 5
0x0128	0x293A      	GOTO       L_chronometre42
0x0129	0x3002      	MOVLW      2
0x012A	0x00CB      	MOVWF      R11
0x012B	0x3045      	MOVLW      69
0x012C	0x00CC      	MOVWF      R12
0x012D	0x30A9      	MOVLW      169
0x012E	0x00CD      	MOVWF      R13
L_chronometre43:
0x012F	0x0BCD      	DECFSZ     R13, 1
0x0130	0x292F      	GOTO       L_chronometre43
0x0131	0x0BCC      	DECFSZ     R12, 1
0x0132	0x292F      	GOTO       L_chronometre43
0x0133	0x0BCB      	DECFSZ     R11, 1
0x0134	0x292F      	GOTO       L_chronometre43
0x0135	0x0000      	NOP
0x0136	0x0000      	NOP
0x0137	0x0195      	CLRF       _Cg
0x0138	0x0194      	CLRF       _Cd
0x0139	0x293B      	GOTO       L_chronometre35
L_chronometre42:
;finale_VF.c,115 :: 		}
0x013A	0x28F8      	GOTO       L_chronometre34
L_chronometre35:
;finale_VF.c,116 :: 		if(k == 1){ break;}
0x013B	0x0811      	MOVF       _k, 0
0x013C	0x3A01      	XORLW      1
0x013D	0x1D03      	BTFSS      STATUS, 2
0x013E	0x2940      	GOTO       L_chronometre44
0x013F	0x294F      	GOTO       L_chronometre24
L_chronometre44:
;finale_VF.c,117 :: 		delay_ms(250);
0x0140	0x3002      	MOVLW      2
0x0141	0x00CB      	MOVWF      R11
0x0142	0x3045      	MOVLW      69
0x0143	0x00CC      	MOVWF      R12
0x0144	0x30A9      	MOVLW      169
0x0145	0x00CD      	MOVWF      R13
L_chronometre45:
0x0146	0x0BCD      	DECFSZ     R13, 1
0x0147	0x2946      	GOTO       L_chronometre45
0x0148	0x0BCC      	DECFSZ     R12, 1
0x0149	0x2946      	GOTO       L_chronometre45
0x014A	0x0BCB      	DECFSZ     R11, 1
0x014B	0x2946      	GOTO       L_chronometre45
0x014C	0x0000      	NOP
0x014D	0x0000      	NOP
;finale_VF.c,118 :: 		}
0x014E	0x28B2      	GOTO       L_chronometre23
L_chronometre24:
;finale_VF.c,119 :: 		delay_ms(250);
0x014F	0x3002      	MOVLW      2
0x0150	0x00CB      	MOVWF      R11
0x0151	0x3045      	MOVLW      69
0x0152	0x00CC      	MOVWF      R12
0x0153	0x30A9      	MOVLW      169
0x0154	0x00CD      	MOVWF      R13
L_chronometre46:
0x0155	0x0BCD      	DECFSZ     R13, 1
0x0156	0x2955      	GOTO       L_chronometre46
0x0157	0x0BCC      	DECFSZ     R12, 1
0x0158	0x2955      	GOTO       L_chronometre46
0x0159	0x0BCB      	DECFSZ     R11, 1
0x015A	0x2955      	GOTO       L_chronometre46
0x015B	0x0000      	NOP
0x015C	0x0000      	NOP
;finale_VF.c,120 :: 		}
L_end_chronometre:
0x015D	0x0008      	RETURN
; end of _chronometre
_reglage:
;finale_VF.c,56 :: 		void reglage(void){
;finale_VF.c,57 :: 		unsigned char secondes1 = secondes;
0x015E	0x1283      	BCF        STATUS, 5
0x015F	0x080D      	MOVF       _secondes, 0
0x0160	0x0098      	MOVWF      reglage_secondes1_L0
;finale_VF.c,58 :: 		unsigned char minut1 = minut;
0x0161	0x080E      	MOVF       _minut, 0
0x0162	0x0099      	MOVWF      reglage_minut1_L0
;finale_VF.c,59 :: 		delay_ms(250);
0x0163	0x3002      	MOVLW      2
0x0164	0x00CB      	MOVWF      R11
0x0165	0x3045      	MOVLW      69
0x0166	0x00CC      	MOVWF      R12
0x0167	0x30A9      	MOVLW      169
0x0168	0x00CD      	MOVWF      R13
L_reglage9:
0x0169	0x0BCD      	DECFSZ     R13, 1
0x016A	0x2969      	GOTO       L_reglage9
0x016B	0x0BCC      	DECFSZ     R12, 1
0x016C	0x2969      	GOTO       L_reglage9
0x016D	0x0BCB      	DECFSZ     R11, 1
0x016E	0x2969      	GOTO       L_reglage9
0x016F	0x0000      	NOP
0x0170	0x0000      	NOP
;finale_VF.c,60 :: 		while(PORTB.B7 == 1){
L_reglage10:
0x0171	0x1F86      	BTFSS      PORTB, 7
0x0172	0x298E      	GOTO       L_reglage11
;finale_VF.c,61 :: 		display_7seg_2Digit_D(secondes1);
0x0173	0x0818      	MOVF       reglage_secondes1_L0, 0
0x0174	0x009A      	MOVWF      FARG_display_7seg_2Digit_D_x
0x0175	0x2071      	CALL       _display_7seg_2Digit_D
;finale_VF.c,62 :: 		blink_parameter();
0x0176	0x2038      	CALL       _blink_parameter
;finale_VF.c,63 :: 		if(PORTB.B5 == 0){
0x0177	0x1A86      	BTFSC      PORTB, 5
0x0178	0x2988      	GOTO       L_reglage12
;finale_VF.c,64 :: 		delay_ms(250);
0x0179	0x3002      	MOVLW      2
0x017A	0x00CB      	MOVWF      R11
0x017B	0x3045      	MOVLW      69
0x017C	0x00CC      	MOVWF      R12
0x017D	0x30A9      	MOVLW      169
0x017E	0x00CD      	MOVWF      R13
L_reglage13:
0x017F	0x0BCD      	DECFSZ     R13, 1
0x0180	0x297F      	GOTO       L_reglage13
0x0181	0x0BCC      	DECFSZ     R12, 1
0x0182	0x297F      	GOTO       L_reglage13
0x0183	0x0BCB      	DECFSZ     R11, 1
0x0184	0x297F      	GOTO       L_reglage13
0x0185	0x0000      	NOP
0x0186	0x0000      	NOP
;finale_VF.c,65 :: 		secondes1++;
0x0187	0x0A98      	INCF       reglage_secondes1_L0, 1
;finale_VF.c,66 :: 		}
L_reglage12:
;finale_VF.c,67 :: 		if(secondes1 >= 60){
0x0188	0x303C      	MOVLW      60
0x0189	0x0218      	SUBWF      reglage_secondes1_L0, 0
0x018A	0x1C03      	BTFSS      STATUS, 0
0x018B	0x298D      	GOTO       L_reglage14
;finale_VF.c,68 :: 		secondes1 = 0;
0x018C	0x0198      	CLRF       reglage_secondes1_L0
;finale_VF.c,69 :: 		}
L_reglage14:
;finale_VF.c,70 :: 		}
0x018D	0x2971      	GOTO       L_reglage10
L_reglage11:
;finale_VF.c,71 :: 		delay_ms(250);
0x018E	0x3002      	MOVLW      2
0x018F	0x00CB      	MOVWF      R11
0x0190	0x3045      	MOVLW      69
0x0191	0x00CC      	MOVWF      R12
0x0192	0x30A9      	MOVLW      169
0x0193	0x00CD      	MOVWF      R13
L_reglage15:
0x0194	0x0BCD      	DECFSZ     R13, 1
0x0195	0x2994      	GOTO       L_reglage15
0x0196	0x0BCC      	DECFSZ     R12, 1
0x0197	0x2994      	GOTO       L_reglage15
0x0198	0x0BCB      	DECFSZ     R11, 1
0x0199	0x2994      	GOTO       L_reglage15
0x019A	0x0000      	NOP
0x019B	0x0000      	NOP
;finale_VF.c,72 :: 		while(PORTB.B7 == 1){
L_reglage16:
0x019C	0x1F86      	BTFSS      PORTB, 7
0x019D	0x29B9      	GOTO       L_reglage17
;finale_VF.c,73 :: 		display_7seg_2Digit_G(minut1);
0x019E	0x0819      	MOVF       reglage_minut1_L0, 0
0x019F	0x009A      	MOVWF      FARG_display_7seg_2Digit_G_x
0x01A0	0x2049      	CALL       _display_7seg_2Digit_G
;finale_VF.c,74 :: 		blink_parameter();
0x01A1	0x2038      	CALL       _blink_parameter
;finale_VF.c,75 :: 		if(PORTB.B5==0){
0x01A2	0x1A86      	BTFSC      PORTB, 5
0x01A3	0x29B3      	GOTO       L_reglage18
;finale_VF.c,76 :: 		delay_ms(250);
0x01A4	0x3002      	MOVLW      2
0x01A5	0x00CB      	MOVWF      R11
0x01A6	0x3045      	MOVLW      69
0x01A7	0x00CC      	MOVWF      R12
0x01A8	0x30A9      	MOVLW      169
0x01A9	0x00CD      	MOVWF      R13
L_reglage19:
0x01AA	0x0BCD      	DECFSZ     R13, 1
0x01AB	0x29AA      	GOTO       L_reglage19
0x01AC	0x0BCC      	DECFSZ     R12, 1
0x01AD	0x29AA      	GOTO       L_reglage19
0x01AE	0x0BCB      	DECFSZ     R11, 1
0x01AF	0x29AA      	GOTO       L_reglage19
0x01B0	0x0000      	NOP
0x01B1	0x0000      	NOP
;finale_VF.c,77 :: 		minut1++;
0x01B2	0x0A99      	INCF       reglage_minut1_L0, 1
;finale_VF.c,78 :: 		}
L_reglage18:
;finale_VF.c,79 :: 		if(minut1 >= 60){
0x01B3	0x303C      	MOVLW      60
0x01B4	0x0219      	SUBWF      reglage_minut1_L0, 0
0x01B5	0x1C03      	BTFSS      STATUS, 0
0x01B6	0x29B8      	GOTO       L_reglage20
;finale_VF.c,80 :: 		minut1=0;
0x01B7	0x0199      	CLRF       reglage_minut1_L0
;finale_VF.c,81 :: 		}
L_reglage20:
;finale_VF.c,82 :: 		}
0x01B8	0x299C      	GOTO       L_reglage16
L_reglage17:
;finale_VF.c,83 :: 		delay_ms(250);
0x01B9	0x3002      	MOVLW      2
0x01BA	0x00CB      	MOVWF      R11
0x01BB	0x3045      	MOVLW      69
0x01BC	0x00CC      	MOVWF      R12
0x01BD	0x30A9      	MOVLW      169
0x01BE	0x00CD      	MOVWF      R13
L_reglage21:
0x01BF	0x0BCD      	DECFSZ     R13, 1
0x01C0	0x29BF      	GOTO       L_reglage21
0x01C1	0x0BCC      	DECFSZ     R12, 1
0x01C2	0x29BF      	GOTO       L_reglage21
0x01C3	0x0BCB      	DECFSZ     R11, 1
0x01C4	0x29BF      	GOTO       L_reglage21
0x01C5	0x0000      	NOP
0x01C6	0x0000      	NOP
;finale_VF.c,84 :: 		secondes = secondes1;
0x01C7	0x0818      	MOVF       reglage_secondes1_L0, 0
0x01C8	0x008D      	MOVWF      _secondes
;finale_VF.c,85 :: 		minut = minut1;
0x01C9	0x0819      	MOVF       reglage_minut1_L0, 0
0x01CA	0x008E      	MOVWF      _minut
;finale_VF.c,86 :: 		}
L_end_reglage:
0x01CB	0x0008      	RETURN
; end of _reglage
_horloge:
;finale_VF.c,42 :: 		void horloge(void){
;finale_VF.c,43 :: 		display_7seg_2Digit_D(secondes);
0x01CC	0x1283      	BCF        STATUS, 5
0x01CD	0x080D      	MOVF       _secondes, 0
0x01CE	0x009A      	MOVWF      FARG_display_7seg_2Digit_D_x
0x01CF	0x2071      	CALL       _display_7seg_2Digit_D
;finale_VF.c,44 :: 		display_7seg_2Digit_G(minut);
0x01D0	0x080E      	MOVF       _minut, 0
0x01D1	0x009A      	MOVWF      FARG_display_7seg_2Digit_G_x
0x01D2	0x2049      	CALL       _display_7seg_2Digit_G
;finale_VF.c,46 :: 		if(secondes>=60){
0x01D3	0x303C      	MOVLW      60
0x01D4	0x020D      	SUBWF      _secondes, 0
0x01D5	0x1C03      	BTFSS      STATUS, 0
0x01D6	0x29D9      	GOTO       L_horloge7
;finale_VF.c,47 :: 		minut++;
0x01D7	0x0A8E      	INCF       _minut, 1
;finale_VF.c,48 :: 		secondes=0;
0x01D8	0x018D      	CLRF       _secondes
;finale_VF.c,49 :: 		}
L_horloge7:
;finale_VF.c,50 :: 		if(minut>59){
0x01D9	0x080E      	MOVF       _minut, 0
0x01DA	0x3C3B      	SUBLW      59
0x01DB	0x1803      	BTFSC      STATUS, 0
0x01DC	0x29DF      	GOTO       L_horloge8
;finale_VF.c,51 :: 		minut=0;
0x01DD	0x018E      	CLRF       _minut
;finale_VF.c,52 :: 		secondes=0;
0x01DE	0x018D      	CLRF       _secondes
;finale_VF.c,53 :: 		}
L_horloge8:
;finale_VF.c,54 :: 		}
L_end_horloge:
0x01DF	0x0008      	RETURN
; end of _horloge
___CC2DW:
;__Lib_System.c,134 :: 		
;__Lib_System.c,137 :: 		
_CC2D_Loop1:
;__Lib_System.c,139 :: 		
0x01E0	0x2099      	CALL       _____DoICP
0x01E1	0x118A      	BCF        PCLATH, 3
0x01E2	0x120A      	BCF        PCLATH, 4
;__Lib_System.c,141 :: 		
0x01E3	0x0080      	MOVWF      INDF
;__Lib_System.c,142 :: 		
0x01E4	0x0A84      	INCF       FSR, 1
;__Lib_System.c,143 :: 		
0x01E5	0x0A8F      	INCF       ___DoICPAddr, 1
;__Lib_System.c,145 :: 		
0x01E6	0x1903      	BTFSC      STATUS, 2
;__Lib_System.c,146 :: 		
0x01E7	0x0A90      	INCF       ___DoICPAddr+1, 1
;__Lib_System.c,147 :: 		
0x01E8	0x03C0      	DECF       R0, 1
;__Lib_System.c,149 :: 		
0x01E9	0x1D03      	BTFSS      STATUS, 2
;__Lib_System.c,150 :: 		
0x01EA	0x29E0      	GOTO       _CC2D_Loop1
;__Lib_System.c,152 :: 		
L_end___CC2DW:
0x01EB	0x0008      	RETURN
; end of ___CC2DW
_main:
0x01EC	0x1283      	BCF        STATUS, 5
0x01ED	0x018D      	CLRF       _secondes
0x01EE	0x303B      	MOVLW      59
0x01EF	0x008E      	MOVWF      _minut
;finale_VF.c,136 :: 		void main() {
;finale_VF.c,137 :: 		OPTION_reg = 0b00010101;
0x01F0	0x3015      	MOVLW      21
0x01F1	0x1683      	BSF        STATUS, 5
0x01F2	0x0081      	MOVWF      OPTION_REG
;finale_VF.c,138 :: 		INTCON = 0b10100100;
0x01F3	0x30A4      	MOVLW      164
0x01F4	0x008B      	MOVWF      INTCON
;finale_VF.c,139 :: 		TMR0 = 0;
0x01F5	0x1283      	BCF        STATUS, 5
0x01F6	0x0181      	CLRF       TMR0
;finale_VF.c,140 :: 		t = 0;
0x01F7	0x0193      	CLRF       _t
;finale_VF.c,141 :: 		TRISA = 0x00;
0x01F8	0x1683      	BSF        STATUS, 5
0x01F9	0x0185      	CLRF       TRISA
;finale_VF.c,142 :: 		TRISB = 0xB0;
0x01FA	0x30B0      	MOVLW      176
0x01FB	0x0086      	MOVWF      TRISB
;finale_VF.c,143 :: 		PORTA = 0;
0x01FC	0x1283      	BCF        STATUS, 5
0x01FD	0x0185      	CLRF       PORTA
;finale_VF.c,144 :: 		PORTB = 0;
0x01FE	0x0186      	CLRF       PORTB
;finale_VF.c,145 :: 		while(1){
L_main50:
;finale_VF.c,146 :: 		if(PORTB.B7 == 0){
0x01FF	0x1B86      	BTFSC      PORTB, 7
0x0200	0x2A02      	GOTO       L_main52
;finale_VF.c,147 :: 		reglage(void);
0x0201	0x215E      	CALL       _reglage
;finale_VF.c,148 :: 		}
L_main52:
;finale_VF.c,149 :: 		if(PORTB.B4 == 0){
0x0202	0x1A06      	BTFSC      PORTB, 4
0x0203	0x2A05      	GOTO       L_main53
;finale_VF.c,150 :: 		chronometre();
0x0204	0x209F      	CALL       _chronometre
;finale_VF.c,151 :: 		}
L_main53:
;finale_VF.c,152 :: 		horloge();
0x0205	0x21CC      	CALL       _horloge
;finale_VF.c,153 :: 		}
0x0206	0x29FF      	GOTO       L_main50
;finale_VF.c,154 :: 		}
L_end_main:
0x0207	0x2A07      	GOTO       $+0
; end of _main
Symbol List:
//** Routines locations **
//ADDRESS    SIZE    PROCEDURE
//----------------------------------------------
0x0004      [35]    _interrupt
0x0027      [17]    _Div_8X8_U
0x0038      [17]    _blink_parameter
0x0049      [40]    _display_7seg_2Digit_G
0x0071      [40]    _display_7seg_2Digit_D
0x0099       [6]    _____DoICP
0x009F     [191]    _chronometre
0x015E     [110]    _reglage
0x01CC      [20]    _horloge
0x01E0      [12]    ___CC2DW
0x01EC      [28]    _main
//** Variables locations ** 
//ADDRESS    SIZE    VARIABLE
//----------------------------------------------
0x0000       [1]    INDF
0x0001       [1]    TMR0
0x0002       [1]    PCL
0x0003       [1]    STATUS
0x0004       [1]    FSR
0x0005       [1]    PORTA
0x0006       [1]    PORTB
0x000A       [1]    PCLATH
0x000B       [1]    INTCON
0x000D       [1]    _secondes
0x000E       [1]    _minut
0x000F       [2]    ___DoICPAddr
0x0011       [1]    _k
0x0012       [1]    _l
0x0013       [1]    _t
0x0014       [1]    _Cd
0x0015       [1]    _Cg
0x0016       [1]    ___saveSTATUS
0x0017       [1]    ___savePCLATH
0x0018       [1]    reglage_secondes1_L0
0x0019       [1]    reglage_minut1_L0
0x001A       [1]    FARG_display_7seg_2Digit_G_x
0x001A       [1]    blink_parameter_j_L0
0x001A       [1]    FARG_display_7seg_2Digit_D_x
0x001B       [1]    display_7seg_2Digit_G_d_L0
0x001B       [1]    display_7seg_2Digit_D_d_L0
0x0040       [1]    R0
0x0041       [1]    R1
0x0042       [1]    R2
0x0043       [1]    R3
0x0044       [1]    R4
0x0045       [1]    R5
0x0046       [1]    R6
0x0047       [1]    R7
0x0048       [1]    R8
0x0049       [1]    R9
0x004A       [1]    R10
0x004B       [1]    R11
0x004C       [1]    R12
0x004D       [1]    R13
0x004E       [1]    R14
0x004F       [1]    R15
0x0081       [1]    OPTION_REG
0x0085       [1]    TRISA
0x0086       [1]    TRISB
